<?xml version="1.0" encoding="UTF-8"?>
<!-- Generated by org.testng.reporters.JUnitReportReporter -->
<testsuite hostname="Siddu" failures="0" tests="3" name="rahulshettyacademy.tests.SubmitOrderTest" time="27.372" errors="0" timestamp="09 Mar 2023 15:28:26 GMT" skipped="0">
  <testcase classname="rahulshettyacademy.tests.SubmitOrderTest" name="submitOrder" time="13.301"/>
  <testcase classname="rahulshettyacademy.tests.SubmitOrderTest" name="submitOrder" time="8.723"/>
  <testcase classname="rahulshettyacademy.tests.SubmitOrderTest" name="OrderHistoryTest" time="5.348"/>
</testsuite> <!-- rahulshettyacademy.tests.SubmitOrderTest -->
